<?xml version="1.0" encoding="UTF-8"?>
<testsuite xmlns:xsi="http://www.w3.org/2001/XMLSchema-instance" xsi:noNamespaceSchemaLocation="https://maven.apache.org/surefire/maven-surefire-plugin/xsd/surefire-test-report.xsd" version="3.0.2" name="com.mediqueue.cita_service.CitaServiceApplicationTests" time="15.014" tests="1" errors="0" skipped="0" failures="0" flakes="0">
  <properties>
[...]
</properties>
  <testcase name="contextLoads" classname="com.mediqueue.cita_service.CitaServiceApplicationTests" time="0.724">
    <system-out><![CDATA[01:56:11.576 [main] INFO org.springframework.test.context.support.AnnotationConfigContextLoaderUtils -- Could not detect default configuration classes for test class [com.mediqueue.cita_service.CitaServiceApplicationTests]: CitaServiceApplicationTests does not declare any static, non-private, non-final, nested classes annotated with @Configuration.
01:56:11.860 [main] INFO org.springframework.boot.test.context.SpringBootTestContextBootstrapper -- Found @SpringBootConfiguration com.mediqueue.cita_service.CitaServiceApplication for test class com.mediqueue.cita_service.CitaServiceApplicationTests

  .   ____          _            __ _ _
 /\\ / ___'_ __ _ _(_)_ __  __ _ \ \ \ \
( ( )\___ | '_ | '_| | '_ \/ _` | \ \ \ \
 \\/  ___)| |_)| | | | | || (_| |  ) ) ) )
  '  |____| .__|_| |_|_| |_\__, | / / / /
 =========|_|==============|___/=/_/_/_/

 :: Spring Boot ::               (v3.5.14)

2026-05-09T01:56:13.061-06:00  INFO 5180 --- [cita_service] [           main] c.m.c.CitaServiceApplicationTests        : Starting CitaServiceApplicationTests using Java 21.0.8 with PID 5180 (started by marme in C:\Users\marme\Downloads\Mediqueue\services\cita_service\citaservice)
2026-05-09T01:56:13.064-06:00  INFO 5180 --- [cita_service] [           main] c.m.c.CitaServiceApplicationTests        : No active profile set, falling back to 1 default profile: "default"
2026-05-09T01:56:16.053-06:00  INFO 5180 --- [cita_service] [           main] .s.d.r.c.RepositoryConfigurationDelegate : Multiple Spring Data modules found, entering strict repository configuration mode
2026-05-09T01:56:16.059-06:00  INFO 5180 --- [cita_service] [           main] .s.d.r.c.RepositoryConfigurationDelegate : Bootstrapping Spring Data JPA repositories in DEFAULT mode.
2026-05-09T01:56:16.439-06:00  INFO 5180 --- [cita_service] [           main] .s.d.r.c.RepositoryConfigurationDelegate : Finished Spring Data repository scanning in 350 ms. Found 1 JPA repository interface.
2026-05-09T01:56:16.480-06:00  INFO 5180 --- [cita_service] [           main] .s.d.r.c.RepositoryConfigurationDelegate : Multiple Spring Data modules found, entering strict repository configuration mode
2026-05-09T01:56:16.483-06:00  INFO 5180 --- [cita_service] [           main] .s.d.r.c.RepositoryConfigurationDelegate : Bootstrapping Spring Data Redis repositories in DEFAULT mode.
2026-05-09T01:56:16.518-06:00  INFO 5180 --- [cita_service] [           main] .RepositoryConfigurationExtensionSupport : Spring Data Redis - Could not safely identify store assignment for repository candidate interface com.mediqueue.cita_service.repository.AppointmentRepository; If you want this repository to be a Redis repository, consider annotating your entities with one of these annotations: org.springframework.data.redis.core.RedisHash (preferred), or consider extending one of the following types with your repository: org.springframework.data.keyvalue.repository.KeyValueRepository
2026-05-09T01:56:16.519-06:00  INFO 5180 --- [cita_service] [           main] .s.d.r.c.RepositoryConfigurationDelegate : Finished Spring Data repository scanning in 13 ms. Found 0 Redis repository interfaces.
2026-05-09T01:56:17.812-06:00  INFO 5180 --- [cita_service] [           main] o.hibernate.jpa.internal.util.LogHelper  : HHH000204: Processing PersistenceUnitInfo [name: default]
2026-05-09T01:56:18.010-06:00  INFO 5180 --- [cita_service] [           main] org.hibernate.Version                    : HHH000412: Hibernate ORM core version 6.6.49.Final
2026-05-09T01:56:18.100-06:00  INFO 5180 --- [cita_service] [           main] o.h.c.internal.RegionFactoryInitiator    : HHH000026: Second-level cache disabled
2026-05-09T01:56:18.730-06:00  INFO 5180 --- [cita_service] [           main] o.s.o.j.p.SpringPersistenceUnitInfo      : No LoadTimeWeaver setup: ignoring JPA class transformer
2026-05-09T01:56:18.793-06:00  INFO 5180 --- [cita_service] [           main] com.zaxxer.hikari.HikariDataSource       : HikariPool-1 - Starting...
2026-05-09T01:56:19.209-06:00  INFO 5180 --- [cita_service] [           main] com.zaxxer.hikari.pool.HikariPool        : HikariPool-1 - Added connection conn0: url=jdbc:h2:mem:cita_service_test user=SA
2026-05-09T01:56:19.214-06:00  INFO 5180 --- [cita_service] [           main] com.zaxxer.hikari.HikariDataSource       : HikariPool-1 - Start completed.
2026-05-09T01:56:19.274-06:00  WARN 5180 --- [cita_service] [           main] org.hibernate.orm.deprecation            : HHH90000025: H2Dialect does not need to be specified explicitly using 'hibernate.dialect' (remove the property setting and it will be selected by default)
2026-05-09T01:56:19.318-06:00  INFO 5180 --- [cita_service] [           main] org.hibernate.orm.connections.pooling    : HHH10001005: Database info:
	Database JDBC URL [Connecting through datasource 'HikariDataSource (HikariPool-1)']
	Database driver: undefined/unknown
	Database version: 2.3.232
	Autocommit mode: undefined/unknown
	Isolation level: undefined/unknown
	Minimum pool size: undefined/unknown
	Maximum pool size: undefined/unknown
2026-05-09T01:56:20.949-06:00  INFO 5180 --- [cita_service] [           main] o.h.e.t.j.p.i.JtaPlatformInitiator       : HHH000489: No JTA platform available (set 'hibernate.transaction.jta.platform' to enable JTA platform integration)
2026-05-09T01:56:21.023-06:00  INFO 5180 --- [cita_service] [           main] j.LocalContainerEntityManagerFactoryBean : Initialized JPA EntityManagerFactory for persistence unit 'default'
2026-05-09T01:56:25.143-06:00  INFO 5180 --- [cita_service] [           main] o.s.b.a.e.web.EndpointLinksResolver      : Exposing 2 endpoints beneath base path '/actuator'
2026-05-09T01:56:25.311-06:00  INFO 5180 --- [cita_service] [           main] c.m.c.CitaServiceApplicationTests        : Started CitaServiceApplicationTests in 13.045 seconds (process running for 15.344)
]]></system-out>
    <system-err><![CDATA[Mockito is currently self-attaching to enable the inline-mock-maker. This will no longer work in future releases of the JDK. Please add Mockito as an agent to your build as described in Mockito's documentation: https://javadoc.io/doc/org.mockito/mockito-core/latest/org.mockito/org/mockito/Mockito.html#0.3
WARNING: A Java agent has been loaded dynamically (C:\Users\marme\.m2\repository\net\bytebuddy\byte-buddy-agent\1.17.8\byte-buddy-agent-1.17.8.jar)
WARNING: If a serviceability tool is in use, please run with -XX:+EnableDynamicAgentLoading to hide this warning
WARNING: If a serviceability tool is not in use, please run with -Djdk.instrument.traceUsage for more information
WARNING: Dynamic loading of agents will be disallowed by default in a future release
]]></system-err>
  </testcase>
</testsuite>